<?xml version="1.0" encoding="UTF-8"?>
<!-- Generated by org.testng.reporters.JUnitXMLReporter -->
<testsuite hostname="DESKTOP-UUGGR5U" ignored="0" name="Default test" tests="6" failures="0" timestamp="11 Nov 2022 08:33:20 GMT" time="0.281" errors="0">
  <testcase name="test1" time="0.016" classname="com.amazon.testng.PriorityMethod"/>
  <testcase name="test2" time="0.0" classname="com.amazon.testng.PriorityMethod"/>
  <testcase name="test3" time="0.0" classname="com.amazon.testng.PriorityMethod"/>
  <testcase name="test6" time="0.016" classname="com.amazon.testng.PriorityMethod"/>
  <testcase name="test5" time="0.0" classname="com.amazon.testng.PriorityMethod"/>
  <testcase name="test4" time="0.015" classname="com.amazon.testng.PriorityMethod"/>
</testsuite> <!-- Default test -->
