<?xml version="1.0" encoding="UTF-8"?>
<testng-results skipped="0" failed="0" ignored="0" total="2" passed="2">
  <reporter-output>
  </reporter-output>
  <suite name="Suite" duration-ms="203" started-at="2022-11-11T10:56:37Z" finished-at="2022-11-11T10:56:37Z">
    <groups>
    </groups>
    <test name="Test" duration-ms="203" started-at="2022-11-11T10:56:37Z" finished-at="2022-11-11T10:56:37Z">
      <class name="com.amazon.testng.Dependsonmethod3">
        <test-method status="PASS" signature="test()[pri:1, instance:com.amazon.testng.Dependsonmethod3@7e0b0338]" name="test" duration-ms="63" started-at="2022-11-11T16:26:37Z" finished-at="2022-11-11T16:26:37Z">
          <reporter-output>
          </reporter-output>
        </test-method> <!-- test -->
        <test-method status="PASS" signature="test1()[pri:0, instance:com.amazon.testng.Dependsonmethod3@7e0b0338]" name="test1" duration-ms="0" started-at="2022-11-11T16:26:37Z" depends-on-methods="com.amazon.testng.Dependsonmethod3.test" finished-at="2022-11-11T16:26:37Z">
          <reporter-output>
          </reporter-output>
        </test-method> <!-- test1 -->
      </class> <!-- com.amazon.testng.Dependsonmethod3 -->
    </test> <!-- Test -->
  </suite> <!-- Suite -->
</testng-results>
