<?xml version="1.0" encoding="UTF-8"?>
<!-- Generated by org.testng.reporters.JUnitXMLReporter -->
<testsuite hostname="DESKTOP-UUGGR5U" ignored="1" name="Test" tests="6" failures="6" timestamp="03 Nov 2022 16:32:57 GMT" time="0.574" errors="0">
  <testcase name="@AfterTest aftertest" time="0.0" classname="com.amazon.testng.ClassB">
    <failure type="java.lang.NullPointerException">
      <![CDATA[java.lang.NullPointerException
at com.adacitin.commonutil.CommonUtill.methodquit(CommonUtill.java:145)
at com.amazon.testng.ClassB.aftertest(ClassB.java:25)
... Removed 24 stack frames]]>
    </failure>
  </testcase> <!-- @AfterTest aftertest -->
  <testcase name="one" time="0.057" classname="com.amazon.testng.ClassA">
    <failure type="java.lang.NullPointerException">
      <![CDATA[java.lang.NullPointerException
at com.adacitin.commonutil.CommonUtill.elementFinder(CommonUtill.java:108)
at com.amazon.testng.ClassA.one(ClassA.java:29)
... Removed 25 stack frames]]>
    </failure>
  </testcase> <!-- one -->
  <testcase name="one" time="0.016" classname="com.amazon.testng.ClassB">
    <failure type="java.lang.NullPointerException">
      <![CDATA[java.lang.NullPointerException
at com.adacitin.commonutil.CommonUtill.elementFinder(CommonUtill.java:108)
at com.amazon.testng.ClassB.one(ClassB.java:29)
... Removed 25 stack frames]]>
    </failure>
  </testcase> <!-- one -->
  <testcase name="Two" time="0.0" classname="com.amazon.testng.ClassA">
    <failure type="java.lang.NullPointerException">
      <![CDATA[java.lang.NullPointerException
at com.adacitin.commonutil.CommonUtill.elementFinder(CommonUtill.java:108)
at com.amazon.testng.ClassA.Two(ClassA.java:36)
... Removed 25 stack frames]]>
    </failure>
  </testcase> <!-- Two -->
  <testcase name="Two" time="0.0" classname="com.amazon.testng.ClassB">
    <failure type="java.lang.NullPointerException">
      <![CDATA[java.lang.NullPointerException
at com.adacitin.commonutil.CommonUtill.elementFinder(CommonUtill.java:108)
at com.amazon.testng.ClassB.Two(ClassB.java:36)
... Removed 25 stack frames]]>
    </failure>
  </testcase> <!-- Two -->
  <testcase name="Three" time="0.0" classname="com.amazon.testng.ClassA">
    <failure type="java.lang.NullPointerException">
      <![CDATA[java.lang.NullPointerException
at com.adacitin.commonutil.CommonUtill.elementFinder(CommonUtill.java:108)
at com.amazon.testng.ClassA.Three(ClassA.java:43)
... Removed 25 stack frames]]>
    </failure>
  </testcase> <!-- Three -->
  <testcase name="Three" time="0.03" classname="com.amazon.testng.ClassB">
    <failure type="java.lang.NullPointerException">
      <![CDATA[java.lang.NullPointerException
at com.adacitin.commonutil.CommonUtill.elementFinder(CommonUtill.java:108)
at com.amazon.testng.ClassB.Three(ClassB.java:43)
... Removed 25 stack frames]]>
    </failure>
  </testcase> <!-- Three -->
  <testcase name="@BeforeSuite beforeSuite" time="0.0" classname="com.adacitin.commonutil.CommonUtill">
    <ignored/>
  </testcase> <!-- @BeforeSuite beforeSuite -->
</testsuite> <!-- Test -->
